<?xml version="1.0" encoding="UTF-8"?>
<testsuite xmlns:xsi="http://www.w3.org/2001/XMLSchema-instance" xsi:noNamespaceSchemaLocation="https://maven.apache.org/surefire/maven-surefire-plugin/xsd/surefire-test-report.xsd" version="3.0.2" name="studio.magemonkey.fabled.dynamic.EffectComponentTest" time="1.92" tests="12" errors="0" skipped="0" failures="0">
  <properties>
[...]
</properties>
  <testcase name="filter_quadrupleNestedPlaceholders_someMissing" classname="studio.magemonkey.fabled.dynamic.EffectComponentTest" time="0.147">
    <system-err><![CDATA[[14:35:30 INFO]: Using NMS implementation for version test
[14:35:30 INFO]: Mapped all language data for CodexCore.
[14:35:30 INFO]: [ItemManager] Successfully registered provider for VANILLA items
[14:35:30 INFO]: [ItemManager] Successfully registered provider for ORAXEN items
[14:35:30 INFO]: [ItemManager] Successfully registered provider for NEXO items
[14:35:30 INFO]: [ItemManager] Successfully registered provider for ITEMSADDER items
[14:35:30 INFO]: Found 0 external module(s).
[14:35:30 INFO]: CodexCore has been enabled!
[14:35:30 INFO]: Plugin loaded in 58 ms!
[14:35:30 INFO]: Created a new folder for config files
[14:35:30 INFO]: Registration complete
[14:35:30 INFO]:  - 0 skills
[14:35:30 INFO]:  - 0 classes
[14:35:30 INFO]:  Took 3ms
[14:35:30 INFO]: Created a new folder for config files
[14:35:30 INFO]: [BuffRegistry] Registered BuffProvider: BuffManager
[14:35:30 INFO]: Created a new folder for config files
[14:35:30 INFO]: Registration complete
[14:35:30 INFO]:  - 0 skills
[14:35:30 INFO]:  - 0 classes
[14:35:30 INFO]:  Took 3ms
[14:35:30 INFO]: [BuffRegistry] Registered BuffProvider: BuffManager
]]></system-err>
  </testcase>
  <testcase name="filter_nestedPlaceholders" classname="studio.magemonkey.fabled.dynamic.EffectComponentTest" time="0.099">
    <system-err><![CDATA[[14:35:31 INFO]: Registration complete
[14:35:31 INFO]:  - 0 skills
[14:35:31 INFO]:  - 0 classes
[14:35:31 INFO]:  Took 2ms
[14:35:31 INFO]: [BuffRegistry] Registered BuffProvider: BuffManager
]]></system-err>
  </testcase>
  <testcase name="filter_translatesCastData_doubleWithDecimal" classname="studio.magemonkey.fabled.dynamic.EffectComponentTest" time="0.113">
    <system-err><![CDATA[[14:35:31 INFO]: Registration complete
[14:35:31 INFO]:  - 0 skills
[14:35:31 INFO]:  - 0 classes
[14:35:31 INFO]:  Took 4ms
[14:35:31 INFO]: [BuffRegistry] Registered BuffProvider: BuffManager
]]></system-err>
  </testcase>
  <testcase name="filter_tripleNestedPlaceholders" classname="studio.magemonkey.fabled.dynamic.EffectComponentTest" time="0.105">
    <system-err><![CDATA[[14:35:31 INFO]: Registration complete
[14:35:31 INFO]:  - 0 skills
[14:35:31 INFO]:  - 0 classes
[14:35:31 INFO]:  Took 2ms
[14:35:31 INFO]: [BuffRegistry] Registered BuffProvider: BuffManager
]]></system-err>
  </testcase>
  <testcase name="filter_translatesPlayerName" classname="studio.magemonkey.fabled.dynamic.EffectComponentTest" time="0.112">
    <system-err><![CDATA[[14:35:31 INFO]: Registration complete
[14:35:31 INFO]:  - 0 skills
[14:35:31 INFO]:  - 0 classes
[14:35:31 INFO]:  Took 2ms
[14:35:31 INFO]: [BuffRegistry] Registered BuffProvider: BuffManager
]]></system-err>
  </testcase>
  <testcase name="filter_quadrupleNestedPlaceholders" classname="studio.magemonkey.fabled.dynamic.EffectComponentTest" time="0.116">
    <system-err><![CDATA[[14:35:31 INFO]: Registration complete
[14:35:31 INFO]:  - 0 skills
[14:35:31 INFO]:  - 0 classes
[14:35:31 INFO]:  Took 3ms
[14:35:31 INFO]: [BuffRegistry] Registered BuffProvider: BuffManager
]]></system-err>
  </testcase>
  <testcase name="filter_translatesCastData_doubleWithDecimalRoundingUp" classname="studio.magemonkey.fabled.dynamic.EffectComponentTest" time="0.106">
    <system-err><![CDATA[[14:35:31 INFO]: Registration complete
[14:35:31 INFO]:  - 0 skills
[14:35:31 INFO]:  - 0 classes
[14:35:31 INFO]:  Took 1ms
[14:35:31 INFO]: [BuffRegistry] Registered BuffProvider: BuffManager
]]></system-err>
  </testcase>
  <testcase name="filter_noPlaceholders" classname="studio.magemonkey.fabled.dynamic.EffectComponentTest" time="0.171">
    <system-err><![CDATA[[14:35:31 INFO]: Registration complete
[14:35:31 INFO]:  - 0 skills
[14:35:31 INFO]:  - 0 classes
[14:35:31 INFO]:  Took 2ms
[14:35:31 INFO]: [BuffRegistry] Registered BuffProvider: BuffManager
]]></system-err>
  </testcase>
  <testcase name="filter_translatesCastData_double" classname="studio.magemonkey.fabled.dynamic.EffectComponentTest" time="0.219">
    <system-err><![CDATA[[14:35:32 INFO]: Registration complete
[14:35:32 INFO]:  - 0 skills
[14:35:32 INFO]:  - 0 classes
[14:35:32 INFO]:  Took 3ms
[14:35:32 INFO]: [BuffRegistry] Registered BuffProvider: BuffManager
]]></system-err>
  </testcase>
  <testcase name="filter_translatesCastData_string" classname="studio.magemonkey.fabled.dynamic.EffectComponentTest" time="0.166">
    <system-err><![CDATA[[14:35:32 INFO]: Registration complete
[14:35:32 INFO]:  - 0 skills
[14:35:32 INFO]:  - 0 classes
[14:35:32 INFO]:  Took 2ms
[14:35:32 INFO]: [BuffRegistry] Registered BuffProvider: BuffManager
]]></system-err>
  </testcase>
  <testcase name="filter_translatesTargetName" classname="studio.magemonkey.fabled.dynamic.EffectComponentTest" time="0.151">
    <system-err><![CDATA[[14:35:32 INFO]: Registration complete
[14:35:32 INFO]:  - 0 skills
[14:35:32 INFO]:  - 0 classes
[14:35:32 INFO]:  Took 3ms
[14:35:32 INFO]: [BuffRegistry] Registered BuffProvider: BuffManager
]]></system-err>
  </testcase>
  <testcase name="filter_translatesTargetUUID" classname="studio.magemonkey.fabled.dynamic.EffectComponentTest" time="0.15">
    <system-err><![CDATA[[14:35:32 INFO]: Registration complete
[14:35:32 INFO]:  - 0 skills
[14:35:32 INFO]:  - 0 classes
[14:35:32 INFO]:  Took 3ms
[14:35:32 INFO]: [BuffRegistry] Registered BuffProvider: BuffManager
]]></system-err>
  </testcase>
</testsuite>